<?xml version="1.0" encoding="UTF-8"?>
<!-- Generated by org.testng.reporters.JUnitXMLReporter -->
<testsuite hostname="venkat" ignored="0" name="Chrome Test" tests="3" failures="0" timestamp="2021-01-22T17:12:25 IST" time="191.805" errors="0">
  <testcase name="test001" time="0.062" classname="com.tmb.test.TestOne"/>
  <testcase name="test002" time="0.011" classname="com.tmb.test.TestOne"/>
  <testcase name="test003" time="0.013" classname="com.tmb.test.TestOne"/>
</testsuite> <!-- Chrome Test -->
