<?xml version="1.0" encoding="UTF-8"?>
<!-- Generated by org.testng.reporters.JUnitXMLReporter -->
<testsuite hostname="venkat" ignored="0" name="Test" tests="9" failures="0" timestamp="2021-01-20T17:38:49 IST" time="10.582" errors="0">
  <testcase name="test201" time="0.177" classname="com.tmb.test.TestTwo"/>
  <testcase name="negTest000" time="0.042" classname="com.tmb.test.TestOne"/>
  <testcase name="negTest003" time="0.033" classname="com.tmb.test.TestOne"/>
  <testcase name="negTestest002" time="0.046" classname="com.tmb.test.TestOne"/>
  <testcase name="test202" time="0.016" classname="com.tmb.test.TestTwo"/>
  <testcase name="test204" time="0.066" classname="com.tmb.test.TestTwo"/>
  <testcase name="test203" time="0.034" classname="com.tmb.test.TestTwo"/>
  <testcase name="test001" time="0.024" classname="com.tmb.test.TestOne"/>
  <testcase name="negTest004" time="0.012" classname="com.tmb.test.TestOne"/>
</testsuite> <!-- Test -->
